# JRE version: Java(TM) SE Runtime Environment (8.0_181-b13) (build 1.8.0_181-b13)
# Java VM: Java HotSpot(TM) 64-Bit Server VM (25.181-b13 mixed mode linux-amd64 compressed oops)
Heap:
 PSYoungGen      total 136192K, used 9711K [0x00000000d7180000, 0x00000000e0080000, 0x0000000100000000)
  eden space 126464K, 0% used [0x00000000d7180000,0x00000000d7180000,0x00000000ded00000)
  from space 9728K, 99% used [0x00000000ded00000,0x00000000df67bfb0,0x00000000df680000)
  to   space 9216K, 0% used [0x00000000df680000,0x00000000df680000,0x00000000dff80000)
 ParOldGen       total 61952K, used 19320K [0x0000000085400000, 0x0000000089080000, 0x00000000d7180000)
  object space 61952K, 31% used [0x0000000085400000,0x00000000866de1c8,0x0000000089080000)
 Metaspace       used 25110K, capacity 25868K, committed 25984K, reserved 1073152K
  class space    used 2948K, capacity 3124K, committed 3200K, reserved 1048576K
GC Heap History (10 events):
Event: 1,629 GC heap after
Heap after GC invocations=3 (full 0):
 PSYoungGen      total 36864K, used 5103K [0x00000000d7180000, 0x00000000db980000, 0x0000000100000000)
  eden space 31744K, 0% used [0x00000000d7180000,0x00000000d7180000,0x00000000d9080000)
  from space 5120K, 99% used [0x00000000d9080000,0x00000000d957bf68,0x00000000d9580000)
  to   space 5120K, 0% used [0x00000000db480000,0x00000000db480000,0x00000000db980000)
 ParOldGen       total 84992K, used 2030K [0x0000000085400000, 0x000000008a700000, 0x00000000d7180000)
  object space 84992K, 2% used [0x0000000085400000,0x00000000855fbb38,0x000000008a700000)
 Metaspace       used 14246K, capacity 14380K, committed 14720K, reserved 1062912K
  class space    used 1793K, capacity 1867K, committed 1920K, reserved 1048576K
}
Event: 2,064 GC heap before
{Heap before GC invocations=4 (full 0):
 PSYoungGen      total 36864K, used 36847K [0x00000000d7180000, 0x00000000db980000, 0x0000000100000000)
  eden space 31744K, 100% used [0x00000000d7180000,0x00000000d9080000,0x00000000d9080000)
  from space 5120K, 99% used [0x00000000d9080000,0x00000000d957bf68,0x00000000d9580000)
  to   space 5120K, 0% used [0x00000000db480000,0x00000000db480000,0x00000000db980000)
 ParOldGen       total 84992K, used 2030K [0x0000000085400000, 0x000000008a700000, 0x00000000d7180000)
  object space 84992K, 2% used [0x0000000085400000,0x00000000855fbb38,0x000000008a700000)
 Metaspace       used 16484K, capacity 16772K, committed 17024K, reserved 1064960K
  class space    used 2006K, capacity 2100K, committed 2176K, reserved 1048576K
Event: 2,075 GC heap after
Heap after GC invocations=4 (full 0):
 PSYoungGen      total 68608K, used 5088K [0x00000000d7180000, 0x00000000db980000, 0x0000000100000000)
  eden space 63488K, 0% used [0x00000000d7180000,0x00000000d7180000,0x00000000daf80000)
  from space 5120K, 99% used [0x00000000db480000,0x00000000db978020,0x00000000db980000)
  to   space 5120K, 0% used [0x00000000daf80000,0x00000000daf80000,0x00000000db480000)
 ParOldGen       total 84992K, used 4140K [0x0000000085400000, 0x000000008a700000, 0x00000000d7180000)
  object space 84992K, 4% used [0x0000000085400000,0x000000008580b1c0,0x000000008a700000)
 Metaspace       used 16484K, capacity 16772K, committed 17024K, reserved 1064960K
  class space    used 2006K, capacity 2100K, committed 2176K, reserved 1048576K
}
Event: 2,850 GC heap before
{Heap before GC invocations=5 (full 0):
 PSYoungGen      total 68608K, used 68576K [0x00000000d7180000, 0x00000000db980000, 0x0000000100000000)
  eden space 63488K, 100% used [0x00000000d7180000,0x00000000daf80000,0x00000000daf80000)
  from space 5120K, 99% used [0x00000000db480000,0x00000000db978020,0x00000000db980000)
  to   space 5120K, 0% used [0x00000000daf80000,0x00000000daf80000,0x00000000db480000)
 ParOldGen       total 84992K, used 4140K [0x0000000085400000, 0x000000008a700000, 0x00000000d7180000)
  object space 84992K, 4% used [0x0000000085400000,0x000000008580b1c0,0x000000008a700000)
 Metaspace       used 17346K, capacity 17696K, committed 17920K, reserved 1064960K
  class space    used 2086K, capacity 2186K, committed 2304K, reserved 1048576K
Event: 2,869 GC heap after
Heap after GC invocations=5 (full 0):
 PSYoungGen      total 68608K, used 5120K [0x00000000d7180000, 0x00000000dff80000, 0x0000000100000000)
  eden space 63488K, 0% used [0x00000000d7180000,0x00000000d7180000,0x00000000daf80000)
  from space 5120K, 100% used [0x00000000daf80000,0x00000000db480000,0x00000000db480000)
  to   space 9216K, 0% used [0x00000000df680000,0x00000000df680000,0x00000000dff80000)
 ParOldGen       total 84992K, used 7245K [0x0000000085400000, 0x000000008a700000, 0x00000000d7180000)
  object space 84992K, 8% used [0x0000000085400000,0x0000000085b137a8,0x000000008a700000)
 Metaspace       used 17346K, capacity 17696K, committed 17920K, reserved 1064960K
  class space    used 2086K, capacity 2186K, committed 2304K, reserved 1048576K
}
Event: 3,343 GC heap before
{Heap before GC invocations=6 (full 0):
 PSYoungGen      total 68608K, used 50913K [0x00000000d7180000, 0x00000000dff80000, 0x0000000100000000)
  eden space 63488K, 72% used [0x00000000d7180000,0x00000000d9e38418,0x00000000daf80000)
  from space 5120K, 100% used [0x00000000daf80000,0x00000000db480000,0x00000000db480000)
  to   space 9216K, 0% used [0x00000000df680000,0x00000000df680000,0x00000000dff80000)
 ParOldGen       total 84992K, used 7245K [0x0000000085400000, 0x000000008a700000, 0x00000000d7180000)
  object space 84992K, 8% used [0x0000000085400000,0x0000000085b137a8,0x000000008a700000)
 Metaspace       used 20543K, capacity 21154K, committed 21296K, reserved 1069056K
  class space    used 2513K, capacity 2632K, committed 2688K, reserved 1048576K
Event: 3,355 GC heap after
Heap after GC invocations=6 (full 0):
 PSYoungGen      total 135680K, used 8079K [0x00000000d7180000, 0x00000000e0080000, 0x0000000100000000)
  eden space 126464K, 0% used [0x00000000d7180000,0x00000000d7180000,0x00000000ded00000)
  from space 9216K, 87% used [0x00000000df680000,0x00000000dfe63d98,0x00000000dff80000)
  to   space 9728K, 0% used [0x00000000ded00000,0x00000000ded00000,0x00000000df680000)
 ParOldGen       total 84992K, used 7253K [0x0000000085400000, 0x000000008a700000, 0x00000000d7180000)
  object space 84992K, 8% used [0x0000000085400000,0x0000000085b157a8,0x000000008a700000)
 Metaspace       used 20543K, capacity 21154K, committed 21296K, reserved 1069056K
  class space    used 2513K, capacity 2632K, committed 2688K, reserved 1048576K
}
Event: 3,355 GC heap before
{Heap before GC invocations=7 (full 1):
 PSYoungGen      total 135680K, used 8079K [0x00000000d7180000, 0x00000000e0080000, 0x0000000100000000)
  eden space 126464K, 0% used [0x00000000d7180000,0x00000000d7180000,0x00000000ded00000)
  from space 9216K, 87% used [0x00000000df680000,0x00000000dfe63d98,0x00000000dff80000)
  to   space 9728K, 0% used [0x00000000ded00000,0x00000000ded00000,0x00000000df680000)
 ParOldGen       total 84992K, used 7253K [0x0000000085400000, 0x000000008a700000, 0x00000000d7180000)
  object space 84992K, 8% used [0x0000000085400000,0x0000000085b157a8,0x000000008a700000)
 Metaspace       used 20543K, capacity 21154K, committed 21296K, reserved 1069056K
  class space    used 2513K, capacity 2632K, committed 2688K, reserved 1048576K
Event: 3,407 GC heap after
Heap after GC invocations=7 (full 1):
 PSYoungGen      total 135680K, used 0K [0x00000000d7180000, 0x00000000e0080000, 0x0000000100000000)
  eden space 126464K, 0% used [0x00000000d7180000,0x00000000d7180000,0x00000000ded00000)
  from space 9216K, 0% used [0x00000000df680000,0x00000000df680000,0x00000000dff80000)
  to   space 9728K, 0% used [0x00000000ded00000,0x00000000ded00000,0x00000000df680000)
 ParOldGen       total 61952K, used 11759K [0x0000000085400000, 0x0000000089080000, 0x00000000d7180000)
  object space 61952K, 18% used [0x0000000085400000,0x0000000085f7bef8,0x0000000089080000)
 Metaspace       used 20543K, capacity 21154K, committed 21296K, reserved 1069056K
  class space    used 2513K, capacity 2632K, committed 2688K, reserved 1048576K
}
Event: 5,265 GC heap before
{Heap before GC invocations=8 (full 1):
 PSYoungGen      total 135680K, used 126464K [0x00000000d7180000, 0x00000000e0080000, 0x0000000100000000)
  eden space 126464K, 100% used [0x00000000d7180000,0x00000000ded00000,0x00000000ded00000)
  from space 9216K, 0% used [0x00000000df680000,0x00000000df680000,0x00000000dff80000)
  to   space 9728K, 0% used [0x00000000ded00000,0x00000000ded00000,0x00000000df680000)
 ParOldGen       total 61952K, used 11759K [0x0000000085400000, 0x0000000089080000, 0x00000000d7180000)
  object space 61952K, 18% used [0x0000000085400000,0x0000000085f7bef8,0x0000000089080000)
 Metaspace       used 25110K, capacity 25868K, committed 25984K, reserved 1073152K
  class space    used 2948K, capacity 3124K, committed 3200K, reserved 1048576K

